<?xml version="1.0" encoding="UTF-8"?>
<!-- Generated by org.testng.reporters.JUnitReportReporter -->
<testsuite hostname="LAPTOP-QNMGACMU" failures="0" tests="2" name="com.curahealthcare.testcases.LoginPageTest" time="4.339" errors="0" timestamp="2025-02-14T21:19:27 IST" skipped="0">
  <testcase classname="com.curahealthcare.testcases.LoginPageTest" name="verifyTitle" time="0.084"/>
  <system-out/>
  <testcase classname="com.curahealthcare.testcases.LoginPageTest" name="loginTest" time="4.255"/>
  <system-out/>
</testsuite> <!-- com.curahealthcare.testcases.LoginPageTest -->
